0 info it worked if it ends with ok
1 verbose cli [ '/usr/local/bin/node', '/usr/local/bin/npm', 'start' ]
2 info using npm@3.3.12
3 info using node@v5.2.0
4 verbose run-script [ 'prestart', 'start', 'poststart' ]
5 info lifecycle xt@0.0.0~prestart: xt@0.0.0
6 silly lifecycle xt@0.0.0~prestart: no script for prestart, continuing
7 info lifecycle xt@0.0.0~start: xt@0.0.0
8 verbose lifecycle xt@0.0.0~start: unsafe-perm in lifecycle true
9 verbose lifecycle xt@0.0.0~start: PATH: /usr/local/lib/node_modules/npm/bin/node-gyp-bin:/Library/WebServer/Documents/brainbox/node_modules/.bin://anaconda/bin:/opt/local/bin:/opt/local/sbin:/opt/local/bin:/opt/local/sbin:/System/Library/Frameworks/JavaScriptCore.framework/Versions/Current/Resources:/Users/roberto/node_modules/.bin:/Applications/_Programming/phantomjs-2.0.0-macosx/bin:/usr/local/mysql/bin:/Applications/_Neuro/fsl502/bin:/Applications/_Neuro/freesurfer510/bin:/Applications/_Neuro/freesurfer510/fsfast/bin:/Applications/_Neuro/freesurfer510/tktools:/Applications/_Neuro/freesurfer510/bin/freeview.app/Contents/MacOS/:/Applications/_Neuro/freesurfer510/mni/bin:/usr/bin:/bin:/usr/sbin:/sbin:/usr/local/bin:/opt/X11/bin:/Library/TeX/texbin
10 verbose lifecycle xt@0.0.0~start: CWD: /Library/WebServer/Documents/brainbox
11 silly lifecycle xt@0.0.0~start: Args: [ '-c', 'node ./bin/www' ]
12 silly lifecycle xt@0.0.0~start: Returned: code: 1  signal: null
13 info lifecycle xt@0.0.0~start: Failed to exec start script
14 verbose stack Error: xt@0.0.0 start: `node ./bin/www`
14 verbose stack Exit status 1
14 verbose stack     at EventEmitter.<anonymous> (/usr/local/lib/node_modules/npm/lib/utils/lifecycle.js:232:16)
14 verbose stack     at emitTwo (events.js:88:13)
14 verbose stack     at EventEmitter.emit (events.js:173:7)
14 verbose stack     at ChildProcess.<anonymous> (/usr/local/lib/node_modules/npm/lib/utils/spawn.js:24:14)
14 verbose stack     at emitTwo (events.js:88:13)
14 verbose stack     at ChildProcess.emit (events.js:173:7)
14 verbose stack     at maybeClose (internal/child_process.js:819:16)
14 verbose stack     at Process.ChildProcess._handle.onexit (internal/child_process.js:212:5)
15 verbose pkgid xt@0.0.0
16 verbose cwd /Library/WebServer/Documents/brainbox
17 error Darwin 15.5.0
18 error argv "/usr/local/bin/node" "/usr/local/bin/npm" "start"
19 error node v5.2.0
20 error npm  v3.3.12
21 error code ELIFECYCLE
22 error xt@0.0.0 start: `node ./bin/www`
22 error Exit status 1
23 error Failed at the xt@0.0.0 start script 'node ./bin/www'.
23 error Make sure you have the latest version of node.js and npm installed.
23 error If you do, this is most likely a problem with the xt package,
23 error not with npm itself.
23 error Tell the author that this fails on your system:
23 error     node ./bin/www
23 error You can get their info via:
23 error     npm owner ls xt
23 error There is likely additional logging output above.
24 verbose exit [ 1, true ]
